\BOOKMARK [0][-]{chapter.1}{Introduction}{}% 1
\BOOKMARK [1][-]{section.1.1}{Motivation}{chapter.1}% 2
\BOOKMARK [1][-]{section.1.2}{Terminology}{chapter.1}% 3
\BOOKMARK [1][-]{section.1.3}{Conventions for a Safe Flight}{chapter.1}% 4
\BOOKMARK [1][-]{section.1.4}{Methods for Fault Tolerant Control Systems}{chapter.1}% 5
\BOOKMARK [2][-]{subsection.1.4.1}{Fault Detection and Diagnosis}{section.1.4}% 6
\BOOKMARK [0][-]{chapter.2}{Safe Integration of Drones into Airpace}{}% 7
\BOOKMARK [1][-]{section.2.1}{UAVs populating airspace}{chapter.2}% 8
\BOOKMARK [1][-]{section.2.2}{Modularity}{chapter.2}% 9
\BOOKMARK [2][-]{subsection.2.2.1}{Airspace Categorization}{section.2.2}% 10
\BOOKMARK [2][-]{subsection.2.2.2}{National Regulations}{section.2.2}% 11
\BOOKMARK [2][-]{subsection.2.2.3}{Accommodating evolution of regulations}{section.2.2}% 12
\BOOKMARK [1][-]{section.2.3}{Congestion management}{chapter.2}% 13
\BOOKMARK [2][-]{subsection.2.3.1}{4-D Trajectory Management}{section.2.3}% 14
\BOOKMARK [2][-]{subsection.2.3.2}{Safety Nets}{section.2.3}% 15
\BOOKMARK [2][-]{subsection.2.3.3}{Geofencing}{section.2.3}% 16
\BOOKMARK [2][-]{subsection.2.3.4}{Complex Operations}{section.2.3}% 17
\BOOKMARK [1][-]{section.2.4}{Reliability}{chapter.2}% 18
\BOOKMARK [2][-]{subsection.2.4.1}{smes and Certification Costs}{section.2.4}% 19
\BOOKMARK [2][-]{subsection.2.4.2}{Individuals and Education}{section.2.4}% 20
\BOOKMARK [2][-]{subsection.2.4.3}{Flight Heritage for Risk Assessment}{section.2.4}% 21
\BOOKMARK [2][-]{subsection.2.4.4}{Support for real time planning and onboard vehicle automation}{section.2.4}% 22
\BOOKMARK [1][-]{section.2.5}{Certification of analytical approaches NOT FINISHED }{chapter.2}% 23
\BOOKMARK [0][-]{chapter.3}{State of the Art}{}% 24
\BOOKMARK [0][-]{chapter.4}{Nonlinear Aircraft Model}{}% 25
\BOOKMARK [1][-]{section.4.1}{Attitude motion modeling}{chapter.4}% 26
\BOOKMARK [2][-]{subsection.4.1.1}{Attitude representations}{section.4.1}% 27
\BOOKMARK [2][-]{subsection.4.1.2}{Attitude kinematics}{section.4.1}% 28
\BOOKMARK [2][-]{subsection.4.1.3}{Attitude dynamics}{section.4.1}% 29
\BOOKMARK [2][-]{subsection.4.1.4}{UAVs simulated}{section.4.1}% 30
\BOOKMARK [2][-]{subsection.4.1.5}{Attitude kinematics of aircraft}{section.4.1}% 31
\BOOKMARK [2][-]{subsection.4.1.6}{Attitude dynamics of aircraft}{section.4.1}% 32
\BOOKMARK [1][-]{section.4.2}{Translational motion modeling}{chapter.4}% 33
\BOOKMARK [2][-]{subsection.4.2.1}{Translational kinematics}{section.4.2}% 34
\BOOKMARK [2][-]{subsection.4.2.2}{Translational dynamics}{section.4.2}% 35
\BOOKMARK [1][-]{section.4.3}{Shortcut to modeling}{chapter.4}% 36
\BOOKMARK [1][-]{section.4.4}{Verification with Matlab Simulink 6DOF block}{chapter.4}% 37
\BOOKMARK [1][-]{section.4.5}{Sensor Models}{chapter.4}% 38
\BOOKMARK [1][-]{section.4.6}{Fault Models}{chapter.4}% 39
\BOOKMARK [0][-]{chapter.5}{Methodology}{}% 40
\BOOKMARK [1][-]{section.5.1}{Machine Learning}{chapter.5}% 41
\BOOKMARK [2][-]{subsection.5.1.1}{Introduction}{section.5.1}% 42
\BOOKMARK [2][-]{subsection.5.1.2}{Terminology}{section.5.1}% 43
\BOOKMARK [2][-]{subsection.5.1.3}{Steps towards the learning machine}{section.5.1}% 44
\BOOKMARK [1][-]{section.5.2}{Support Vector Machines}{chapter.5}% 45
\BOOKMARK [2][-]{subsection.5.2.1}{Introduction}{section.5.2}% 46
\BOOKMARK [2][-]{subsection.5.2.2}{Application}{section.5.2}% 47
\BOOKMARK [0][-]{chapter.6}{Simulation Results}{}% 48
\BOOKMARK [1][-]{section.6.1}{Fault detection from simulated flight data}{chapter.6}% 49
\BOOKMARK [1][-]{section.6.2}{Fault detection from real flight data}{chapter.6}% 50
\BOOKMARK [2][-]{subsection.6.2.1}{Injecting faults in flight from Paparazzi GCS}{section.6.2}% 51
\BOOKMARK [2][-]{subsection.6.2.2}{Modifications to Paparazzi autopilot controls to inject faults during flight}{section.6.2}% 52
\BOOKMARK [2][-]{subsection.6.2.3}{Reading \046 labeling flight data}{section.6.2}% 53
\BOOKMARK [2][-]{subsection.6.2.4}{Control surface stuck fault}{section.6.2}% 54
\BOOKMARK [2][-]{subsection.6.2.5}{Control surface loss of efficiency fault}{section.6.2}% 55
\BOOKMARK [2][-]{subsection.6.2.6}{Use of spinors as attributes}{section.6.2}% 56
\BOOKMARK [0][-]{chapter.7}{Conclusion}{}% 57
\BOOKMARK [0][-]{appendix.A}{Codes for FD from simulated data}{}% 58
\BOOKMARK [1][-]{section.A.1}{Read Me file for the aircraft simulation codes in Matlab}{appendix.A}% 59
\BOOKMARK [1][-]{section.A.2}{configDrone.m}{appendix.A}% 60
\BOOKMARK [1][-]{section.A.3}{modelDrone.m}{appendix.A}% 61
\BOOKMARK [1][-]{section.A.4}{quat\137to\137euler.m}{appendix.A}% 62
\BOOKMARK [1][-]{section.A.5}{rungeKutta4.m}{appendix.A}% 63
\BOOKMARK [1][-]{section.A.6}{simDrone.m}{appendix.A}% 64
\BOOKMARK [0][-]{appendix.B}{Codes for FD from flight data}{}% 65
\BOOKMARK [1][-]{section.B.1}{dataRead.m}{appendix.B}% 66
\BOOKMARK [1][-]{section.B.2}{selectDataToInvest.m}{appendix.B}% 67
\BOOKMARK [1][-]{section.B.3}{arrangeDataSet.m}{appendix.B}% 68
\BOOKMARK [1][-]{section.B.4}{svmFD.m}{appendix.B}% 69
\BOOKMARK [1][-]{section.B.5}{svmFDtuningViaHeuristic.m}{appendix.B}% 70
\BOOKMARK [1][-]{section.B.6}{svmFDtuningViaOptim.m}{appendix.B}% 71
\BOOKMARK [1][-]{section.B.7}{calcF1score.m}{appendix.B}% 72
\BOOKMARK [1][-]{section.B.8}{addFeaturesBefore.m}{appendix.B}% 73
